2026-07-18 00:43:20,145 | INFO | ============================================================
2026-07-18 00:43:20,145 | INFO | Fashion-MNIST Image Classification
2026-07-18 00:43:20,146 | INFO | ============================================================
2026-07-18 00:43:20,162 | INFO | Using Device : cpu
2026-07-18 00:43:25,526 | INFO | ============================================================
2026-07-18 00:43:25,862 | INFO | Model Architecture
2026-07-18 00:43:26,096 | INFO | ============================================================
2026-07-18 00:43:27,015 | INFO | ============================================================
2026-07-18 00:43:27,326 | INFO | Model Summary
2026-07-18 00:43:27,380 | INFO | ============================================================
2026-07-18 00:43:28,134 | INFO | Starting Training...
2026-07-18 00:44:28,456 | INFO | Epoch [1/10] | Train Loss: 0.5525 | Train Acc: 80.71% | Val Loss: 0.4378 | Val Acc: 84.69% | Learning Rate: 0.001000
2026-07-18 00:44:28,478 | INFO | Model checkpoint saved: D:\AI-Learn\week 5\Deep-Learning\PyTorch\Fashion-MNIST Image Classification using PyTorch\saved_models\best_model.pth
2026-07-18 00:44:28,506 | INFO | New Best Validation Accuracy: 84.69%
2026-07-18 00:45:42,680 | INFO | Epoch [2/10] | Train Loss: 0.3925 | Train Acc: 86.00% | Val Loss: 0.3914 | Val Acc: 85.98% | Learning Rate: 0.001000
2026-07-18 00:45:42,738 | INFO | Model checkpoint saved: D:\AI-Learn\week 5\Deep-Learning\PyTorch\Fashion-MNIST Image Classification using PyTorch\saved_models\best_model.pth
2026-07-18 00:45:42,827 | INFO | New Best Validation Accuracy: 85.98%
2026-07-18 00:46:53,051 | INFO | Epoch [3/10] | Train Loss: 0.3471 | Train Acc: 87.42% | Val Loss: 0.3734 | Val Acc: 86.50% | Learning Rate: 0.001000
2026-07-18 00:46:53,067 | INFO | Model checkpoint saved: D:\AI-Learn\week 5\Deep-Learning\PyTorch\Fashion-MNIST Image Classification using PyTorch\saved_models\best_model.pth
2026-07-18 00:46:53,067 | INFO | New Best Validation Accuracy: 86.50%
2026-07-18 00:47:50,196 | INFO | Epoch [4/10] | Train Loss: 0.3222 | Train Acc: 88.33% | Val Loss: 0.3861 | Val Acc: 85.79% | Learning Rate: 0.001000
2026-07-18 00:48:51,536 | INFO | Epoch [5/10] | Train Loss: 0.3048 | Train Acc: 88.83% | Val Loss: 0.3554 | Val Acc: 86.86% | Learning Rate: 0.001000
2026-07-18 00:48:51,541 | INFO | Model checkpoint saved: D:\AI-Learn\week 5\Deep-Learning\PyTorch\Fashion-MNIST Image Classification using PyTorch\saved_models\best_model.pth
2026-07-18 00:48:51,579 | INFO | New Best Validation Accuracy: 86.86%
2026-07-18 00:50:09,848 | INFO | Epoch [6/10] | Train Loss: 0.2900 | Train Acc: 89.19% | Val Loss: 0.3273 | Val Acc: 88.17% | Learning Rate: 0.001000
2026-07-18 00:50:09,853 | INFO | Model checkpoint saved: D:\AI-Learn\week 5\Deep-Learning\PyTorch\Fashion-MNIST Image Classification using PyTorch\saved_models\best_model.pth
2026-07-18 00:50:09,863 | INFO | New Best Validation Accuracy: 88.17%
2026-07-18 00:51:09,160 | INFO | Epoch [7/10] | Train Loss: 0.2779 | Train Acc: 89.63% | Val Loss: 0.3422 | Val Acc: 87.85% | Learning Rate: 0.001000
2026-07-18 00:52:05,385 | INFO | Epoch [8/10] | Train Loss: 0.2647 | Train Acc: 90.16% | Val Loss: 0.3455 | Val Acc: 87.87% | Learning Rate: 0.001000
2026-07-18 00:53:17,695 | INFO | Epoch [9/10] | Train Loss: 0.2571 | Train Acc: 90.32% | Val Loss: 0.3312 | Val Acc: 88.36% | Learning Rate: 0.000500
2026-07-18 00:53:17,726 | INFO | Model checkpoint saved: D:\AI-Learn\week 5\Deep-Learning\PyTorch\Fashion-MNIST Image Classification using PyTorch\saved_models\best_model.pth
2026-07-18 00:53:17,728 | INFO | New Best Validation Accuracy: 88.36%
2026-07-18 00:54:19,705 | INFO | Epoch [10/10] | Train Loss: 0.2270 | Train Acc: 91.43% | Val Loss: 0.3218 | Val Acc: 88.53% | Learning Rate: 0.000500
2026-07-18 00:54:19,708 | INFO | Model checkpoint saved: D:\AI-Learn\week 5\Deep-Learning\PyTorch\Fashion-MNIST Image Classification using PyTorch\saved_models\best_model.pth
2026-07-18 00:54:19,709 | INFO | New Best Validation Accuracy: 88.53%
2026-07-18 00:54:19,712 | INFO | Training Completed Successfully!
2026-07-18 00:54:19,713 | INFO | Best Validation Accuracy : 88.53%
2026-07-18 00:54:19,724 | INFO | Training history saved to: D:\AI-Learn\week 5\Deep-Learning\PyTorch\Fashion-MNIST Image Classification using PyTorch\outputs\training_history.csv
2026-07-18 00:54:21,584 | INFO | Training Finished Successfully!
