2026-07-17 05:44:09,965 | INFO | ============================================================
2026-07-17 05:44:09,967 | INFO | Fashion-MNIST Image Classification
2026-07-17 05:44:09,968 | INFO | ============================================================
2026-07-17 05:44:09,984 | INFO | Using Device : cpu
2026-07-17 05:47:38,906 | INFO | Epoch [1/10] | Train Loss: 0.5618 | Train Acc: 80.08% | Val Loss: 0.4571 | Val Acc: 83.41%
2026-07-17 05:47:38,984 | INFO | Best model saved successfully.
2026-07-17 05:48:33,940 | INFO | Epoch [2/10] | Train Loss: 0.3912 | Train Acc: 85.97% | Val Loss: 0.3933 | Val Acc: 86.00%
2026-07-17 05:48:33,946 | INFO | Best model saved successfully.
2026-07-17 05:49:28,242 | INFO | Epoch [3/10] | Train Loss: 0.3469 | Train Acc: 87.40% | Val Loss: 0.4185 | Val Acc: 84.88%
2026-07-17 05:50:21,049 | INFO | Epoch [4/10] | Train Loss: 0.3227 | Train Acc: 88.23% | Val Loss: 0.3782 | Val Acc: 86.61%
2026-07-17 05:50:21,068 | INFO | Best model saved successfully.
2026-07-17 05:51:14,623 | INFO | Epoch [5/10] | Train Loss: 0.3032 | Train Acc: 88.77% | Val Loss: 0.3564 | Val Acc: 87.32%
2026-07-17 05:51:14,641 | INFO | Best model saved successfully.
2026-07-17 05:52:09,593 | INFO | Epoch [6/10] | Train Loss: 0.2913 | Train Acc: 89.21% | Val Loss: 0.3424 | Val Acc: 87.74%
2026-07-17 05:52:09,596 | INFO | Best model saved successfully.
2026-07-17 05:53:03,452 | INFO | Epoch [7/10] | Train Loss: 0.2785 | Train Acc: 89.59% | Val Loss: 0.3424 | Val Acc: 87.68%
2026-07-17 05:54:23,624 | INFO | Epoch [8/10] | Train Loss: 0.2679 | Train Acc: 89.96% | Val Loss: 0.3375 | Val Acc: 87.77%
2026-07-17 05:54:23,671 | INFO | Best model saved successfully.
2026-07-17 05:55:22,398 | INFO | Epoch [9/10] | Train Loss: 0.2564 | Train Acc: 90.38% | Val Loss: 0.3374 | Val Acc: 87.99%
2026-07-17 05:55:22,404 | INFO | Best model saved successfully.
2026-07-17 05:56:21,980 | INFO | Epoch [10/10] | Train Loss: 0.2475 | Train Acc: 90.80% | Val Loss: 0.3395 | Val Acc: 87.96%
2026-07-17 05:56:21,980 | INFO | Training Completed Successfully!
2026-07-17 05:56:21,981 | INFO | Best Validation Accuracy : 87.99%
2026-07-17 05:56:23,786 | INFO | Training Finished Successfully!
